- Feedback extraction candidates
    - format: per candidate, list chapter, location, paraphrase, situation, outcome
    - outcomes: → promoted to <slug>, → folded into <slug>, → dropped because <reason>

- Chapter 2: Introduction (From Push to Pull), lines 290-470

    - candidate: pull-not-push reroute
        - location: lines 367-386, "Pull Beats Push" section
        - paraphrase: when you notice yourself cataloguing the giver's incompetence, reroute attention to what the receiver can pull from the exchange. The receiver controls intake, sense-making, and change, so leverage lives there.
        - situation: you are receiving feedback you find poorly delivered, off base, or from someone you do not respect, and your mind is composing a list of their inadequacies (Tom's drive home, line 399).
        - outcome: → promoted to pull-not-push-reroute

    - candidate: receiving-well-is-not-accepting
        - location: lines 423-428, "The Benefits of Receiving Well" opening
        - paraphrase: receiving well means engaging the conversation skillfully and making thoughtful choices about whether and how to use the feedback. It is not the same as taking the feedback. Sorting the two prevents the false binary of swallow-or-shut-out.
        - situation: you are about to dismiss feedback because it is wrong, or about to swallow it whole because refusing would mean you are defensive. You feel forced to pick.
        - outcome: → promoted to engaging-is-not-accepting

    - candidate: hold-both-needs (learn AND be accepted)
        - location: lines 392-417, "The Tension Between Learning and Being Accepted"
        - paraphrase: the discomfort of feedback comes from the collision of two real, simultaneous needs — to learn/improve and to be accepted as you are. Naming both reduces the pressure to collapse one into the other.
        - situation: you feel an outsized reaction to mild feedback ("why can't you just accept me?") or you intellectualize the feedback and then bristle later. The self-acceptance need is hidden under the learning conversation, or vice versa.
        - outcome: → promoted to name-both-needs

    - candidate: "feedback is any information about yourself" (broad definition)
        - location: lines 343-351, "What Counts As Feedback?"
        - paraphrase: feedback includes formal evaluations and the implicit signals (the friend slipping off the gift sweater, the renewal of services, the bum knee). Widen the aperture.
        - outcome: → dropped because the broadened-definition observation does not yield a distinct receiver-side action with its own signal and failure mode. It is a frame the rest of the book operates inside, parent-context material.

    - candidate: brief history of feedback
        - location: lines 356-369
        - paraphrase: the term comes from mechanical/electronic systems and got transplanted to people; the model that produces "tighten up here, dial back there" is the inheritance.
        - outcome: → dropped because historical/contextual; no actionable move on the receiver side.

    - candidate: feedback-seeking behavior research note
        - location: lines 430-432
        - paraphrase: actively seeking feedback (especially negative) correlates with higher satisfaction, faster adaptation, lower turnover, higher performance ratings.
        - outcome: → dropped because it is empirical motivation, not a procedure. The seeking-out skill itself will live in chapter 12 (Get Going) where the book describes how.

    - candidate: modeling for kids and colleagues
        - location: lines 442-444
        - paraphrase: how you handle feedback teaches the people around you (children, direct reports, peers) how to handle feedback. Modeling is part of the stakes.
        - outcome: → dropped because it is a stakes-raising frame, not an actionable receiver move with its own signal.

    - candidate: digging for ponies
        - location: lines 450-459
        - paraphrase: receiving feedback is not always pleasant, but there might be a pony in there somewhere. Disposition.
        - outcome: → dropped because it is a disposition aphorism, not a procedure. The actual technique for finding the pony is "First Understand" (chapter 5, dedicated whole-chapter skills).

- Chapter 3: 1. Three Triggers That Block Feedback, lines 471-738

    - candidate: identify-which-trigger-is-firing
        - location: lines 503-527, "Three Feedback Triggers" section, with the smoke-alarm framing at lines 493-497
        - paraphrase: when feedback derails you, there are only three categories of trigger (truth, relationship, identity), each with a different remedy. Before responding, name which one (or which mix) is firing. The triggered reaction itself is the map that locates the source of trouble; do not suppress it without first reading it.
        - situation: you are in the grip of a triggered reaction to feedback (heart pounding, thoughts racing, defending/attacking/withdrawing) and you are about to either push the reaction aside and "stay professional" or act on it without diagnosis.
        - outcome: → promoted to identify-which-trigger-is-firing

    - candidate: triggers-as-map-not-obstacle
        - location: lines 493-497, the smoke-alarm metaphor
        - paraphrase: a triggered reaction is not just an obstacle to push past; it is information about what set it off. Suppressing it is like disconnecting the smoke alarm.
        - outcome: → folded into identify-which-trigger-is-firing. The disposition (read the alarm) and the procedure (categorize among the three) are one move; the disposition without the categorization yields no action, and the categorization presumes the disposition. Worked into the failure-mode and signal sections of that skill.

    - candidate: separate appreciation, coaching, evaluation (truth-trigger remedy 1)
        - location: lines 552-563
        - paraphrase: identify whether the feedback you want and the feedback you are getting are appreciation, coaching, or evaluation; the mismatch is its own source of failure.
        - outcome: → deferred to chapter 4 ("Separate Appreciation, Coaching, and Evaluation"), where the move gets its full treatment. This chapter only previews it.

    - candidate: first understand (truth-trigger remedy 2)
        - location: lines 569-584
        - paraphrase: before deciding what to do with feedback, work to understand what the giver actually means; pursue clarification of the specific behavior, situation, and recommendation.
        - outcome: → deferred to chapter 5 ("First Understand"), where the move is the chapter's spine. Previewed only here.

    - candidate: see-your-blind-spots (truth-trigger remedy 3)
        - location: lines 590-603
        - paraphrase: feedback that feels wrong may be wrong, or it may be in your blind spot; assume both possibilities and work to surface what others see that you cannot.
        - outcome: → deferred to chapter 6 ("See Your Blind Spots").

    - candidate: don't-switchtrack (relationship-trigger remedy 1)
        - location: lines 618-629
        - paraphrase: when relationship triggers fire, the receiver tends to drop the original feedback and substitute their own grievance about the giver, producing two parallel topics neither party hears. Disentangle and discuss separately.
        - outcome: → deferred to chapter 7 ("Don't Switchtrack: Disentangle What from Who").

    - candidate: identify-the-relationship-system (relationship-trigger remedy 2)
        - location: lines 635-647
        - paraphrase: feedback in a relationship is rarely the story of you or me; it is the story of the dynamic between us. Ask "what's the dynamic and what are we each contributing?" instead of trading blame.
        - outcome: → deferred to chapter 8 ("Identify the Relationship System").

    - candidate: learn-your-wiring (identity-trigger remedy 1)
        - location: lines 661-664
        - paraphrase: people are wired differently in baseline mood, swing, and recovery from feedback; knowing your own wiring explains your reactions and others' non-reactions.
        - outcome: → deferred to chapter 9 ("Learn How Wiring and Temperament Affect Your Story").

    - candidate: dismantle-distortions (identity-trigger remedy 2)
        - location: lines 670-677
        - paraphrase: identify the patterns by which your mind distorts and magnifies feedback; once aware, dismantle the distortion to engage with the actual content rather than your magnified perception.
        - outcome: → deferred to chapter 10 ("Dismantle Distortions").

    - candidate: cultivate-growth-identity (identity-trigger remedy 3)
        - location: lines 683-693
        - paraphrase: shift from a fixed identity story (feedback is a verdict on what I am) to a growth identity (feedback is information about where I stand now and what to work on).
        - outcome: → deferred to chapter 11 ("Cultivate a Growth Identity").

- Chapter 4: 2. Separate Appreciation, Coaching, and Evaluation, lines 739-1099

    - candidate: sort-the-kind (appreciation / coaching / evaluation)
        - location: lines 780-799 (the three kinds named in the bar scenario), lines 805-846 (each kind defined), lines 874-905 (the "we need all three" table)
        - paraphrase: when feedback is on the table (incoming or sought), identify which of the three kinds it is — appreciation (I see you, you matter), coaching (here is how to grow, or here is something missing in our relationship), evaluation (here is where you stand against a standard). Each serves a different need; treating them as one category is the source of much receiver-side trouble.
        - situation: feedback is being given or asked for and you are about to react to it as one undifferentiated thing called "feedback" without naming which of the three is actually in play.
        - outcome: → promoted to sort-the-kind

    - candidate: diagnose-the-cross-transaction (kind-mismatch)
        - location: lines 970-994 (the "Beware Cross-Transactions" section, with April/Cody/Evelyn 0-for-3), and lines 999-1016 (the "always evaluation in coaching" structural mismatch with Elsie)
        - paraphrase: when feedback lands wrong despite both parties acting in good faith, the diagnosis is often that the kind you wanted and the kind you got are different — or the giver intended one kind and you heard another. Name the mismatch explicitly (giver gave X, you wanted/heard Y) before debating the content.
        - situation: a feedback exchange has just happened and you are dismayed, deflated, or more anxious than before. The content is not obviously wrong but it does not address what you came for, and you are about to either argue the content or suppress the dismay.
        - outcome: → promoted to diagnose-the-cross-transaction

    - candidate: negotiate-which-kind-you-need
        - location: lines 1031-1052, "Get Aligned: Know the Purpose and Discuss It," with the three alignment questions (1036-1042) and the receiver scripts at 1050 ("You're offering coaching, but it would help to get a quick evaluation," "You're saying this is coaching, but I'm hearing it as evaluation, too"). Closes with Elsie's case at 1052 (she actually wanted appreciation for a week of practice).
        - paraphrase: before or during a feedback conversation, surface which kind you want (and which kind the giver thinks they are giving) and negotiate explicitly when they differ. "Explicit disagreement is better than implicit misunderstanding." The receiver may need to take the bull by the horns and name the kind they actually need.
        - situation: you are about to enter (or are inside) a feedback conversation and you sense you and the giver are on different tracks about what kind of feedback this is, and you are about to leave the misalignment unspoken and walk out frustrated.
        - outcome: → promoted to negotiate-which-kind-you-need

    - candidate: evaluation-first sequencing
        - location: lines 1058-1069, "Separate Evaluation from Coaching and Appreciation," with the bugle-blast metaphor (1061), the performance-review scenario (1063), and the graded-paper analogy (1067, "the student will first turn to the last page to check their grade. Only then can they take in the instructor's margin notes").
        - paraphrase: evaluation is loud enough to drown out coaching and appreciation. Until the where-do-I-stand question is answered, coaching cannot land. As receiver: settle the evaluation question first (ask for it, separate it in time, or get the floor) before trying to absorb coaching layered on top.
        - situation: you are receiving (or about to receive) coaching while an unresolved evaluation question is live (am I on track? do I still have a future here?), and you are about to try to absorb the coaching on top of an unanswered evaluation, or attribute the coaching's failure to land to its content.
        - outcome: → promoted to settle-evaluation-first

    - candidate: appreciation has three qualities (specific, in receivable form, authentic)
        - location: lines 941-951
        - paraphrase: for appreciation to actually count for the receiver, three qualities are needed: it must be specific (not "good work!"), it must come in a form the receiver values (some hear it in words, some in trusted-adviser status, some in promotion), and it must be authentic (not performed to check a box).
        - outcome: → dropped because the chapter casts these as criteria for givers, and the receiver-side analog (notice when received appreciation lacks one of the three; ask for it in your own form) is too thin a procedure on its own. The receiver-side move is already covered by sort-the-kind (recognize that the appreciation you are getting is not landing) and negotiate-which-kind-you-need (ask for it in a form that lands). No distinct action/signal/failure that those two skills do not already supply.

    - candidate: evaluation shortfalls / "evaluative floor"
        - location: lines 907-918
        - paraphrase: removing evaluation altogether leaves a hole that receivers fill by reading coaching and appreciation as veiled evaluation. Receivers need an evaluative floor before they can take in the other two.
        - outcome: → folded into settle-evaluation-first. The "evaluative floor" insight is the same chapter argument that drives the evaluation-first sequencing skill: the absence of evaluation produces the same stuck state as a loud unfavorable evaluation. Captured in that skill's "When to reach for this" and "Failure mode."

    - candidate: there is always evaluation in coaching (structural)
        - location: lines 999-1016
        - paraphrase: every "here is how to improve" carries an implicit "so far you are not doing it as well as you might." The giver has only partial control over the evaluative echo; the receiver may funnel coaching into the evaluation slot regardless of intent.
        - outcome: → folded into diagnose-the-cross-transaction. The structural evaluative-echo is one of the two cross-transaction patterns the section names (the other being "I wanted X, got Y"). Captured in that skill as the second pattern of mismatch (giver intended coaching, receiver heard evaluation).

    - candidate: appreciation deficits / MADD
        - location: lines 944-945
        - paraphrase: over time, two-way appreciation deficits set in: each side feels unappreciated by the other.
        - outcome: → dropped because it is a relational diagnosis at the dyad level, not a moment-of-receipt receiver action with its own signal and failure. The corresponding receiver move (ask for appreciation in a form you can hear) is folded into negotiate-which-kind-you-need.

    - candidate: Luke and the gallery (entertainment is not feedback)
        - location: lines 850-868, the America's Got Talent sidebar
        - paraphrase: some feedback is performed for an audience other than you; recognizing the gallery (TV viewers, online commenters, talk-radio listeners) reframes the feedback as evaluation-as-spectacle, only loosely about you.
        - outcome: → dropped because the gate fails on action: the actual receiver-side action this implies (decide whether the feedback's primary audience is you or a gallery, and discount accordingly) is too situation-specific (public, mediated feedback) to generalize beyond the scenario. The structural insight is already covered by sort-the-kind (this is evaluation, performed for a third party) plus engaging-is-not-accepting (you can hear it without using it).

- Chapter 5: 3. First Understand (Shift from "That's Wrong" to "Tell Me More"), lines 1100-1730

    - candidate: catch-the-wrong-spotting
        - location: lines 1118 ("we listen to the feedback with this question in mind: what's wrong with this feedback"), 1124-1147 (the "We're Good At Wrong Spotting" catalogue: 2+2=5 wrong, different-planet wrong, used-to-be-right, etc.), 1153-1158 ("Understanding Is Job One"), 1420-1429 (the wrong-spotting-defeats-learning argument and the "shift toward tell me more" pivot), 1697-1699 (recreational-wrong-spotting coda).
        - paraphrase: when feedback arrives, the default move is to scan it for the part that is incorrect and use that to dismiss the whole. The chapter names this habit "wrong spotting" and notes that we are very good at it because there is almost always something wrong. The receiver-side move is to catch yourself doing it (you are listening with the question "what's wrong with this feedback") and shift the question to "what is this person actually saying" before deciding whether the feedback is right or wrong.
        - situation: feedback has just arrived (or is being delivered) and you can feel yourself building a list of objections, exceptions, or factual errors as you listen. Your goal in the conversation has quietly become to win the dismissal, not to understand. You are about to nod, file away the mental refutation, and move on.
        - outcome: → promoted to catch-the-wrong-spotting. This is the chapter's spine move and is genuinely distinct from the existing skills: pull-not-push-reroute redirects from cataloguing the giver's inadequacies (relationship-trigger flavor); engaging-is-not-accepting separates the engage decision from the accept decision; this skill operates earlier and on different material (the *content* of the feedback, not the giver and not the accept/reject choice). The catalogue of "kinds of wrong" gives the skill its diagnostic teeth.

    - candidate: spot-the-label
        - location: lines 1164-1175 ("Feedback Arrives With Generic Labels," with the soup-can label image), 1189-1218 ("Giver and Receiver Interpret the Label Differently," with Adrianna/Nicholas "be more assertive"), 1224-1241 ("Play 'Spot the Label,'" with the explicit two-step move and the "be more affectionate" multiple-choice).
        - paraphrase: feedback often arrives as a vague evaluative label ("be more proactive," "you're not their mother," "be more assertive," "be more affectionate") that has high-definition meaning in the giver's head and almost no content in transit. The receiver-side move is two steps: (1) notice you are looking at a label, not a meal, and (2) resist the temptation to fill in your own meaning, because the meaning you supply is almost certainly not the meaning the giver had. The chapter notes spotting labels is easy once you are listening for them; the hard part is remembering to listen.
        - situation: someone has just told you to "be more X" or "stop being so Y" or "you need to Z" and you are about to either accept the label as-is and start trying to enact your interpretation of it, or reject it as too vague to use. You can feel the meaning crystallizing in your head before any clarification has happened.
        - outcome: → promoted to spot-the-label. Distinct from catch-the-wrong-spotting (that one is about the receiver's stance toward the whole feedback; this is a specific pattern-recognition move on the surface form of the message). The "fight the temptation to fill in" half is what makes the move action-bearing rather than purely diagnostic.

    - candidate: separate-data-from-interpretation
        - location: lines 1281-1320 ("Ask Where the Feedback Is Coming From," with the "givers arrive at their labels in two steps: observe data, interpret it" decomposition), 1326-1341 ("They Confuse Data and Interpretation (We All Do)," with the parenting-at-the-next-table example and the "barking" self-correction), 1339-1341 (the Nicholas script: "I want to understand the data it's based on — what Adrianna saw or heard — and how Adrianna is interpreting that information").
        - paraphrase: under any feedback label sit two layers: the data the giver actually observed (what they saw, heard, felt, read) and the interpretation they made from it (the story they told, the judgment they reached). The two get fused in the giver's head and arrive packaged as a single conclusion. The receiver-side move is to pull them back apart by asking for both: what specifically did you see/hear, and what does that mean to you. The chapter is explicit that the goal is not to dismiss the interpretation but to see both layers.
        - situation: feedback has been given as a judgment ("you're not a team player," "your report was confusing," "you barked at the kids") and you are about to either argue the judgment on its terms or accept it on its terms. You have not asked what the giver actually observed.
        - outcome: → promoted to separate-data-from-interpretation. This is the chapter's "coming from" move and is one of the two pillars under the "first understand" framing. Distinct from sort-the-kind (which categorizes the feedback's purpose, not its anatomy) and from settle-evaluation-first (which is about sequencing kinds, not unpacking content).

    - candidate: clarify-where-its-going
        - location: lines 1347-1354 (intro to "Ask Where the Feedback Is Going" with the no-advice case), 1360-1379 ("When Receiving Coaching: Clarify Advice," with the "if you wanted to follow it, would you know how" test, the Tony-speech-sparkles example, and Tom/Liz on saying no), 1385-1414 ("When Receiving Evaluation: Clarify Consequences and Expectations," with Max/hearing, Margie/promotion, the live-in-girlfriend, and the rip-cord-questions image).
        - paraphrase: most feedback has a forward-looking component, and the chapter splits this into two flavors. If the feedback is coaching, the test is "if I did want to follow this, would I know what to do?" — and if not, ask for examples, contrasts ("show me a speech that sparkles and one that fell flat"), and concrete behaviors. If the feedback is evaluation, the test is "do I understand the consequences and expectations?" — what does this mean for me, what happens next, what is now expected, what should I do given where I stand. The chapter notes that for evaluation the questions are hard to ask because you are still vibrating from the impact, so it helps to have a short list ready.
        - situation: someone has given you forward-looking feedback (advice, a rating, a verdict) and you are about to walk away with the headline (the label, the score, the news) without having asked what to do with it. You will replay the conversation later and find a list of questions you wish you had asked.
        - outcome: → promoted to clarify-where-its-going. Distinct from settle-evaluation-first (which is about sequencing: don't absorb coaching while an evaluation is open). This skill is about extracting the actionable forward content once you are in the right kind of conversation. The two flavors (coaching/evaluation) share a single move (ask forward) but with different question sets, which the skill captures as one move with two presentations.

    - candidate: difference-spot-not-wrong-spot
        - location: lines 1420-1431 (the pivot section, "Shift from Wrong Spotting to Difference Spotting," with the explicit "we have different data, and we interpret that data differently" decomposition), 1437-1460 ("Different Data" with Mavis/Davis and the "different roles, places, bodies" framing), 1466-1475 ("Biases Drive Data Collection"), 1481-1492 ("Differences in Interpretation," with Janie/Ripley on house clutter), 1498-1513 ("Implicit Rules" with the dog-eat-dog vs smile pairs), 1519-1530 ("Heroes and Villains" with the surgeon/son scenario), 1536-1545 ("Ask: What's Right?" as a coda).
        - paraphrase: when their view of the feedback differs from yours, the default reading is "one of us must be wrong, and almost certainly it is them." The chapter offers a structurally different reading: "we are looking at different data, and/or we are interpreting the data differently" — and the receiver-side move is to ask explicitly which one (or both). What data do you have that I don't, and what data do I have that you don't? What rules and assumptions are each of us applying that produce these different readings? The Ask-What's-Right coda completes the move: once you have laid out the differences, look for the legitimate parts of their view as a separate mindset shift, careful not to slide back into the right/wrong frame.
        - situation: you have understood the feedback (you have separated data from interpretation, you have spotted the label) and you and the giver still see the situation differently. You are about to conclude they are wrong, or to swallow the difference and pretend you agree, when the actual move is to surface what is different about your data and interpretation.
        - outcome: → promoted to difference-spot-not-wrong-spot. This is the chapter's second-stage move (the first being the understanding moves above). Folds in the implicit-rules and heroes-and-villains material as the two specific factors most often embedded in interpretive differences. Folds in the "ask what's right" coda as the closing move of the difference-spotting process.

    - candidate: triggers-as-map-not-obstacle (sub-instance: understand-before-judging)
        - location: lines 1153-1158, 1616-1619 (Paul's preparation: "his purpose in the conversation is not to accept or reject, but first to understand")
        - paraphrase: separate the understand-the-feedback decision from the agree-or-disagree-with-it decision; do the first before doing the second.
        - outcome: → folded into catch-the-wrong-spotting. The "understand before judging" mindset is the disposition that the wrong-spotting catch installs; without the wrong-spotting catalogue and the explicit reroute it would be a thin disposition skill. Captured in catch-the-wrong-spotting's failure mode and signal sections.

    - candidate: ask-what's-right (right spotting as a separate mindset)
        - location: lines 1536-1545
        - paraphrase: list the ways the feedback might be right, as a mindset shift, watching out for the right-spotting-becomes-wrong-spotting trap.
        - outcome: → folded into difference-spot-not-wrong-spot. The chapter places this immediately after difference spotting and explicitly cautions that it can collapse back into wrong spotting if treated as a search for objective right-and-wrong. As a standalone skill the action is too thin (write a list); inside the difference-spot move it becomes the closing step that orients you toward joint solutions, which is where the chapter explicitly puts it.

    - candidate: when-you-still-disagree (transparent-and-curious simultaneity)
        - location: lines 1551-1566
        - paraphrase: even after working hard to understand, you may still disagree; you can be transparent about your reactions ("wow, that's upsetting to hear") while continuing to be open and curious.
        - outcome: → dropped because the receiver-side move at the end of the disagreement (be honest about your reaction, keep the conversation open) is a tonal/script-level move rather than a structural diagnostic with its own signal and failure that the existing skills do not already cover. The skill behind this section is "engaging-skillfully-is-not-accepting" (already promoted, chapter 2): you can engage critically without taking the feedback. The scripts here are illustrative of that skill, not a new move.

    - candidate: why-can't-feedback-be-objective (subjectivity is structural)
        - location: lines 1572-1585
        - paraphrase: every metric and competency model rests on subjective judgments about what to measure, how to weight, and how to apply; the goal is not to remove judgment but to make judgments transparent and discussable.
        - outcome: → dropped because it is a frame the chapter argues for, not a receiver-side action with its own signal and failure. The actionable corollary (treat all feedback as judgment-laden, ask about the judgments behind the metrics) is captured by separate-data-from-interpretation (the metric is the data, the threshold is the interpretation) and by sort-the-kind (this evaluation is someone's judgment applied to a standard, not an objective truth).

    - candidate: paul-and-monisha-conversation-pattern
        - location: lines 1591-1692
        - paraphrase: the chapter's worked example walks through Paul's conversation with Monisha line by line, with commentary on where Paul does well (mindset is open, asks under labels, slows down when he doesn't understand) and where he could do better (sharing his views in a way that invites further conversation rather than as a defense).
        - outcome: → dropped as a standalone skill (it is a synthesis of the chapter's individual moves applied in one extended scene), but used as the worked-example source for catch-the-wrong-spotting (Paul's mindset preparation), spot-the-label (Paul's "what does it mean that they're feeling 'disempowered and out of the loop'?"), separate-data-from-interpretation (Paul asking Monisha to walk through specific examples and methodology), and difference-spot-not-wrong-spot (Paul naming his sense of the climate alongside the survey results, asking what makes sense).

- Chapter 6: 4. See Your Blind Spots (Discover How You Come Across), lines 1731-2244

    - candidate: the-gap-map (frame)
        - location: lines 1781-1808, the Gap Map section, with Annabelle as the worked case (1792-1806).
        - paraphrase: a five-stage cognitive model showing how thoughts/feelings → intentions → behavior → impact → others' story. The map locates where messages get garbled in the game of telephone between self and others.
        - outcome: → dropped as a standalone atomic skill. The Gap Map is the chapter's parent frame (analogous to the three-triggers frame in chapter 1 or the three-kinds frame in chapter 4). The actionable moves it implies (look at the gap between intent and impact, look at behavior you don't see, treat others' reading as data) are split across the atomic skills below. As its own skill the action would be "draw the map" with no observable signal of having drawn it. The frame goes into the parent context of every blind-spot skill.

    - candidate: behavioral-blind-spots-as-category (leaky face / leaky tone / leaky patterns)
        - location: lines 1814-1880 (Behavioral Blind Spots section, with Bennett-on-the-cellphone at 1876).
        - paraphrase: your behavior is in others' awareness and largely not in yours. Faces, tone, and even big patterns of behavior are anatomically/cognitively invisible to you. Whatever you can't see, others can.
        - outcome: → folded into treat-feedback-as-data-about-impact. The "behavior is in your blind spot, not theirs" insight is the substrate that makes the impact-data move sensible: if you could see your behavior, you could already adjudicate intent vs impact; you can't, so feedback about your impact is your only access to the part of yourself you can't observe directly. Captured in that skill's "When to reach for this" and "Failure mode."

    - candidate: use-your-reaction-as-blind-spot-alert
        - location: lines 2003-2012 (the section explicitly titled "Use Your Reaction as a Blind-Spot Alert"), grounded in 2003-2004 ("when you do take a good hard look, what you'll see is that you don't have any blind spots").
        - paraphrase: when feedback feels wrong and your mind slides into "what was their agenda? what's wrong with them?", treat that very thought as the alert that the feedback may be sitting in your blind spot. The chapter is explicit that looking harder won't help, because looking harder produces the same dismissal verdict. The receiver-side move is to install a specific cognitive trigger: the agenda/personality-disorder thought is itself the signal to redirect attention from "they're crazy" to "I might be blind."
        - situation: you have just received feedback that doesn't match your self-image, and your mind has started building a case against the giver (motives, character flaws, weird politics, projection, hypersensitivity). You are about to act on or close the conversation around the case-against-the-giver, when the case itself is the alert that you are exactly where the chapter says people land in their own blind spot.
        - outcome: → promoted to use-your-reaction-as-blind-spot-alert. Distinct from identify-which-trigger-is-firing (that is upstream framework-level diagnosis among the three triggers). Distinct from catch-the-wrong-spotting (that is about scanning the feedback's content for errors). This skill operates at a more specific moment: the giver-pathologizing thought is the trigger. Distinct from pull-not-push-reroute (that operates on cataloguing giver inadequacy when the feedback is poorly delivered; this operates on cataloguing giver pathology when the feedback feels wrong). The cleanest test: the chapter gives this section its own subhead and explicitly contrasts it with "you can't see yourself more clearly just by looking harder."

    - candidate: ask-how-am-i-getting-in-my-own-way
        - location: lines 2018-2023 (section "Ask: How Do I Get in My Own Way?"), with the contrast against the noncommittal "how am I doing?"
        - paraphrase: the feedback you elicit is shaped by the question you ask. "Do you have any feedback?" returns either nothing useful or appreciation; "how was your day?" returns "fine." The chapter offers a specific, narrower question that elicits behavior-and-impact data: "what do you see me doing, or failing to do, that is getting in my own way?" The framing names the honesty desired and narrows the topic to behaviors with observable impact, making the question answerable.
        - situation: you want to learn about how you come across (ahead of an event, after an event, in a working relationship) and you are about to ask "how am I doing?" or "any feedback for me?" — questions that the chapter says produce noise or appreciation, not blind-spot information.
        - outcome: → promoted to ask-how-am-i-getting-in-my-own-way. Distinct from clarify-where-its-going (that is post-feedback, about the forward content of feedback you've already received). Distinct from negotiate-which-kind-you-need (that is about appreciation/coaching/evaluation alignment in a feedback exchange already happening). This is a pre-feedback eliciting-question skill. Action is concrete (specific phrasing); signal is observable (you got described behavior with described impact, not "fine" or "good job").

    - candidate: name-which-mirror-you-need (honest vs supportive)
        - location: lines 2100-2124 ("Get a Second Opinion" plus "Honest Mirrors Versus Supportive Mirrors"), with the explicit move at 2103 ("don't say 'this can't be true, can it?' Instead, lay out the problem explicitly...") and the use-the-distinction prescription at 2124.
        - paraphrase: when you take feedback to someone close for a second opinion, your default request is implicitly for support ("he's overreacting, right?"), and your friends often default to giving it. The chapter's move: name out loud which mirror you are asking for, honest or supportive. If honest, surface the reason you want honesty and frame the question accordingly ("here's feedback I just got, my first reaction is to reject it, but I wonder if it's in my blind spot — do you see me doing this, when, with what impact?"). If supportive, that's a legitimate ask too; just don't blur the two and then complain about what you got.
        - situation: you have received unwelcome feedback and you are about to take it to a friend or partner with the implicit ask of "tell me this is wrong," when what would actually help is the honest read. Or, conversely, you need support and you are about to be surprised by an honest read you did not invite.
        - outcome: → promoted to name-which-mirror-you-need. Action is concrete (the explicit ask, with the chapter's script). Signal is observable (your friend tells you what they actually see, on the mirror you actually asked for). Failure mode is named in the chapter (we feel betrayed when a long-standing supportive mirror suddenly becomes honest). Distinct from negotiate-which-kind-you-need (that is appreciation/coaching/evaluation alignment with the original giver, this is about the second-opinion friend and a different distinction).

    - candidate: look-for-pattern-not-counterexample
        - location: lines 2029-2098 (section "Look for Patterns" plus the same-behavior-different-interpretation table). The table pairs (shy/aloof, upbeat/phony, spontaneous/flaky, truth-teller/nasty, passionate/emotional, smart/arrogant, high-standards/hypercritical, outgoing/overbearing, quirky/annoying) is the chapter's diagnostic instrument.
        - paraphrase: when feedback stings, the default move is to whip out contradictory feedback ("I won the community service award last year"). The chapter's move is the opposite: look for *consistent* feedback in two ways. (1) Are you each describing the same behavior interpreted differently (shy vs aloof, high standards vs hypercritical)? (2) Is this feedback consistent across other times and other people in your life — "where have I heard this before?" Patterns where the same theme has surfaced from disparate sources at different times are the strongest blind-spot evidence available to a receiver.
        - situation: you have just received feedback that feels wrong, and you can already feel the contradictory-evidence rebuttal forming ("but X said the opposite," "but I won Y," "but I'm not like that with Z"). You are about to use the contradiction to file the feedback as an outlier.
        - outcome: → promoted to look-for-pattern-not-counterexample. Distinct from difference-spot-not-wrong-spot (that surfaces differences in *data* and *interpretation* between you and one giver, an outward look at the gap). This is an inward look across multiple feedback events. The "same behavior, different interpretation" table is a specific tool with concrete paired terms. The "where have I heard this before" question is the second concrete probe. Action, signal, failure all distinct.

    - candidate: separate-impact-from-intent (treat feedback as data about your impact, not your intentions)
        - location: lines 1953-1970 (Amplifier 3: Impact Versus Intent), 2149-2162 (Focus on Change from the Inside Out), and the broader Annabelle case (1792-1806, 1957-1970), with the prescriptive script at 1968 ("I've been working hard to be more patient. And yet it sounds like that's not the impact I'm having. That's upsetting. Let's figure out why.").
        - paraphrase: when feedback about your impact contradicts your view of your intentions, the default reaction is to discard the feedback ("but I had good intentions, so the negative impact must not be real or must not be my fault"). The chapter's move: hold the two layers separately. Intentions are yours and you have privileged access to them; impact is theirs and they have privileged access to it. Treat the feedback as data about your impact (which you can't see directly because of leaky face/tone/patterns), not as a verdict on your intentions. The script is "my intent was X. Sounds like the impact was Y. That's upsetting / surprising. Let's figure out why."
        - situation: you have received feedback ("you're difficult," "you're disrespectful," "you bossed me around") that you can't reconcile with your sense of what you were trying to do. You are about to either reject the feedback ("that's not who I am, I had good intentions") or accept it and abandon your own sense of your intentions ("I guess I really am that bad").
        - outcome: → promoted to separate-impact-from-intent. Folds in the leaky-face/tone/patterns category (your behavior is in their awareness and not yours, so their impact-data is your only access to the gap). Folds in the change-from-inside-out point (changing only behavior while leaving feelings intact produces leak; changing the feeling is the deeper move once the impact data has landed). Distinct from separate-data-from-interpretation (that decomposes a giver's verdict into data + interpretation about *you*; this decomposes *your own action* into intent + impact and centers the receiver-side asymmetry of access). Distinct from difference-spot-not-wrong-spot (that surfaces differences in observed data and applied interpretation; this surfaces the structural asymmetry between intent-access and impact-access).

    - candidate: emotional-math-amplifier (we discount our emotions; others count them double)
        - location: lines 1919-1934 (Amplifier 1, Sasha-and-Olga, the conference-room outburst).
        - paraphrase: certain emotions get subtracted from your self-story ("that's not really who I am, I was just under stress") while landing as central in others' story ("that's exactly who you are"). The receiver-side corollary is to notice when you are about to discount your own emotion in describing what happened, because that emotion may be exactly the part the giver is naming.
        - outcome: → folded into separate-impact-from-intent. The emotional-math pattern is one specific instance of the larger impact/intent asymmetry: you have access to the meta-story of "I wasn't really angry / that wasn't really me" while they have access to the impact, in which the emotion was the event. Captured in that skill as one of the three amplifiers that produce the impact-vs-intent gap. As its own skill the action ("notice when you are subtracting an emotion from the story") would not produce a distinct signal that separate-impact-from-intent does not already supply.

    - candidate: situation-vs-character-amplifier
        - location: lines 1940-1947 (Amplifier 2, with the cake / late-call / personal-day examples and the fraud aside).
        - paraphrase: you attribute your missteps to the situation; others attribute them to your character. The fundamental attribution error in the receiver direction.
        - outcome: → folded into separate-impact-from-intent. Same logic as emotional-math: a specific instance of the asymmetric story pattern that the impact-vs-intent skill installs. Captured as one of the three amplifiers. As its own skill the action ("notice when you are explaining your behavior by the situation") would not produce a distinct signal that separate-impact-from-intent does not already supply.

    - candidate: we-collude-to-keep-each-other-in-the-dark
        - location: lines 1987-1994.
        - paraphrase: people don't tell us when we're off; we mistakenly read the absence of corroboration as evidence the feedback is wrong.
        - outcome: → dropped because it is a structural insight about the social ecology of feedback, not a receiver-side move with its own action and signal. The actionable corollary (don't trust silence as confirmation) is captured by look-for-pattern-not-counterexample (you may not have heard it because no one told you, not because it isn't there) and by ask-how-am-i-getting-in-my-own-way (eliciting the feedback that silence has been hiding).

    - candidate: record-yourself-or-get-an-outside-ear
        - location: lines 2130-2143 ("Record Yourself," with Zoe taping the brainstorming meeting and the MIT Pentland badge research).
        - paraphrase: the leaky-face / leaky-tone problem is anatomically built in (the STS turns off when you speak); recording yourself bypasses the anatomy and lets you hear and see what others perceive. Zoe's recording surfaces "the first words out of my mouth are always negative" as a pattern she had no idea she was running.
        - outcome: → dropped as a standalone skill. The action is concrete (record), but the signal-and-failure shape is too tooling-specific to lift cleanly into a receiver-side cognitive skill. The structural insight (your behavior is anatomically invisible to you, so external sources are the only way in) is folded into separate-impact-from-intent (impact data as your access to the gap) and into name-which-mirror-you-need (a friend's honest read is one form of the outside ear; recording is another). The chapter itself uses the section to make an existence-of-tools point and link to MIT research; the actual receiver moves come from the surrounding sections.

    - candidate: focus-on-change-from-the-inside-out
        - location: lines 2149-2162.
        - paraphrase: when feedback says you came across as X, don't just change the surface behavior; the underlying feeling will leak through. Either work to change the feeling, or talk about the feeling explicitly with the team and acknowledge the pattern.
        - outcome: → folded into separate-impact-from-intent. The inside-out move is the corollary of the impact-vs-intent skill applied to behavior change: once you've absorbed the impact data, surface-only behavior change keeps leaking because the leaky face/tone/patterns transmit your underlying state. The skill captures this in the "what to do once the gap is named" portion: either talk about the feeling, or change the feeling — not just the behavior.

    - candidate: have-a-purpose (don't try to know all opinions about you)
        - location: lines 2168-2175.
        - paraphrase: the chapter is not urging you to map every view anyone has of you; it is urging you to learn how the giver of *this* feedback sees you on *this* topic. In most circumstances, knowing someone has a generally favorable view is enough.
        - outcome: → dropped because it is a scope-setter for the chapter's argument, not a receiver-side action with its own signal and failure. As a skill it would amount to "don't over-apply this chapter," which is metadata about the rest of the chapter's skills rather than a distinct move.
