- Feedback saturation calls
    - format: one entry per chapter when first-pass extraction completes
    - entry shape:
        - what came out of this chapter
        - what kinds of moves the chapter is about that did NOT make the gate
        - why those did not make it
        - decision: saturated | re-sweep needed

- Chapter 1: Front Matter (praise, title page, copyright, dedication, contents)
    - what came out: nothing
    - what didn't make the gate: not applicable. Bibliographic metadata, no teaching content.
    - why: structural front matter, not authorial argument or demonstration.
    - decision: saturated (vacuously, with zero skills)

- Chapter 2: Introduction (From Push to Pull)
    - what came out: three skills
        - pull-not-push-reroute: moment-to-moment application of the receiver-as-leverage reframing, used when the giver-inadequacy inventory is running.
        - engaging-is-not-accepting: separates the engage-skillfully decision from the take-the-feedback decision, dissolving the swallow-or-shut-out binary.
        - name-both-needs: names the simultaneous drives to learn and to be accepted as the diagnostic for outsized or delayed reactions.
    - what kinds of moves the chapter is about that did NOT make the gate
        - the broad definition of feedback (any information about yourself): parent-context framing, no distinct receiver-side action.
        - the brief mechanical-to-managerial history of "feedback": context, not procedure.
        - feedback-seeking behavior research: empirical motivation for the book; the actual seeking procedure lives in chapter 12 (Get Going).
        - modeling effect (kids, direct reports): stakes-raising frame, not a receiver move.
        - "digging for ponies" disposition: aphorism that points at "First Understand" (chapter 5) where the actual technique is taught.
        - the three triggers themselves: previewed only; the chapter that develops them is chapter 1 (Three Triggers That Block Feedback) where they get their own skills.
    - why those did not make it: most of the intro establishes the lens and vocabulary that already live in _book.md, or signposts later chapters where the actual procedures get developed. Pulling skills here would either duplicate parent context or pre-empt material the book itself defers.
    - decision: saturated (3 skills)
